<?xml version="1.0" encoding="UTF-8"?>
<!-- Generated by org.testng.reporters.JUnitXMLReporter -->
<testsuite hostname="CCI-SNAYAK-L" ignored="0" name="Test" tests="6" failures="0" timestamp="30 May 2020 16:40:43 GMT" time="0.037" errors="0">
  <testcase name="android" time="0.01" classname="qaclickacademy.AppiumTest"/>
  <testcase name="ios" time="0.0" classname="qaclickacademy.AppiumTest"/>
  <testcase name="browser" time="0.001" classname="qaclickacademy.SeleniumTest"/>
  <testcase name="element" time="0.0" classname="qaclickacademy.SeleniumTest"/>
  <testcase name="delete" time="0.0" classname="qaclickacademy.RESTAPITest"/>
  <testcase name="post" time="0.0" classname="qaclickacademy.RESTAPITest"/>
</testsuite> <!-- Test -->
