<?xml version="1.0" encoding="UTF-8"?>
<testng-results skipped="0" failed="0" ignored="0" total="6" passed="6">
  <reporter-output>
  </reporter-output>
  <suite name="Suite" duration-ms="37" started-at="2020-05-30T16:40:43Z" finished-at="2020-05-30T16:40:43Z">
    <groups>
    </groups>
    <test name="Test" duration-ms="37" started-at="2020-05-30T16:40:43Z" finished-at="2020-05-30T16:40:43Z">
      <class name="qaclickacademy.AppiumTest">
        <test-method status="PASS" signature="android()[pri:0, instance:qaclickacademy.AppiumTest@5d20e46]" name="android" duration-ms="10" started-at="2020-05-30T22:10:43Z" finished-at="2020-05-30T22:10:43Z">
          <reporter-output>
          </reporter-output>
        </test-method> <!-- android -->
        <test-method status="PASS" signature="ios()[pri:0, instance:qaclickacademy.AppiumTest@5d20e46]" name="ios" duration-ms="0" started-at="2020-05-30T22:10:43Z" finished-at="2020-05-30T22:10:43Z">
          <reporter-output>
          </reporter-output>
        </test-method> <!-- ios -->
      </class> <!-- qaclickacademy.AppiumTest -->
      <class name="qaclickacademy.RESTAPITest">
        <test-method status="PASS" signature="delete()[pri:0, instance:qaclickacademy.RESTAPITest@7ff2a664]" name="delete" duration-ms="0" started-at="2020-05-30T22:10:43Z" finished-at="2020-05-30T22:10:43Z">
          <reporter-output>
          </reporter-output>
        </test-method> <!-- delete -->
        <test-method status="PASS" signature="post()[pri:0, instance:qaclickacademy.RESTAPITest@7ff2a664]" name="post" duration-ms="0" started-at="2020-05-30T22:10:43Z" finished-at="2020-05-30T22:10:43Z">
          <reporter-output>
          </reporter-output>
        </test-method> <!-- post -->
      </class> <!-- qaclickacademy.RESTAPITest -->
      <class name="qaclickacademy.SeleniumTest">
        <test-method status="PASS" signature="browser()[pri:0, instance:qaclickacademy.SeleniumTest@6a472554]" name="browser" duration-ms="1" started-at="2020-05-30T22:10:43Z" finished-at="2020-05-30T22:10:43Z">
          <reporter-output>
          </reporter-output>
        </test-method> <!-- browser -->
        <test-method status="PASS" signature="element()[pri:0, instance:qaclickacademy.SeleniumTest@6a472554]" name="element" duration-ms="0" started-at="2020-05-30T22:10:43Z" finished-at="2020-05-30T22:10:43Z">
          <reporter-output>
          </reporter-output>
        </test-method> <!-- element -->
      </class> <!-- qaclickacademy.SeleniumTest -->
    </test> <!-- Test -->
  </suite> <!-- Suite -->
</testng-results>
