<?xml version="1.0" encoding="UTF-8"?>
<testng-results skipped="0" failed="0" ignored="0" total="2" passed="2">
  <reporter-output>
  </reporter-output>
  <suite name="Default suite" duration-ms="62" started-at="2020-05-30T00:13:45 IST" finished-at="2020-05-30T00:13:45 IST">
    <groups>
    </groups>
    <test name="Default test" duration-ms="62" started-at="2020-05-30T00:13:45 IST" finished-at="2020-05-30T00:13:45 IST">
      <class name="qaclickacademy.SeleniumTest">
        <test-method status="PASS" signature="browser()[pri:0, instance:qaclickacademy.SeleniumTest@74650e52]" name="browser" duration-ms="10" started-at="2020-05-30T00:13:45 IST" finished-at="2020-05-30T00:13:45 IST">
          <reporter-output>
          </reporter-output>
        </test-method> <!-- browser -->
        <test-method status="PASS" signature="element()[pri:0, instance:qaclickacademy.SeleniumTest@74650e52]" name="element" duration-ms="1" started-at="2020-05-30T00:13:45 IST" finished-at="2020-05-30T00:13:45 IST">
          <reporter-output>
          </reporter-output>
        </test-method> <!-- element -->
      </class> <!-- qaclickacademy.SeleniumTest -->
    </test> <!-- Default test -->
  </suite> <!-- Default suite -->
</testng-results>
